<?xml version="1.0" encoding="UTF-8"?>
<testsuite name="censusanalyser.CensusAnalyserTest" tests="1" skipped="0" failures="0" errors="0" timestamp="2019-12-13T06:54:28" hostname="admin1-desktop" time="0.169">
  <properties/>
  <testcase name="givenStateCensusCSVData_WhenSorted_Then_AndhraPradesh_ShouldBe_FirstState" classname="censusanalyser.CensusAnalyserTest" time="0.169"/>
  <system-out><![CDATA[]]></system-out>
  <system-err><![CDATA[]]></system-err>
</testsuite>
