<?xml version="1.0" encoding="UTF-8"?>
<testsuite name="censusanalyser.CensusAnalyserTest" tests="1" skipped="0" failures="0" errors="0" timestamp="2019-12-13T11:21:34" hostname="admin1-desktop" time="0.207">
  <properties/>
  <testcase name="givenUSCensusData_WhenSortedByStateName_ThenAlabama_ShouldFirstState" classname="censusanalyser.CensusAnalyserTest" time="0.207"/>
  <system-out><![CDATA[]]></system-out>
  <system-err><![CDATA[]]></system-err>
</testsuite>
