<?xml version="1.0" encoding="UTF-8"?>
<testsuite name="censusanalyser.CensusAnalyserTest" tests="1" skipped="1" failures="0" errors="0" timestamp="2019-12-14T05:38:52" hostname="admin1-desktop" time="3632.672">
  <properties/>
  <testcase name="givenIndianCensusData_SortedByPopulationAndDensity_Should_ReturnSortedListOfState" classname="censusanalyser.CensusAnalyserTest" time="3632.672">
    <skipped/>
  </testcase>
  <system-out><![CDATA[]]></system-out>
  <system-err><![CDATA[]]></system-err>
</testsuite>
